[ 2017-03-16T20:09:44+08:00 ] ::1 /screen/index.php/Home/Register/region.php?s=%E4%B8%87%E5%B7%9E%E5%8C%BA
INFO: [ app_init ] --START--
INFO: Run Behavior\BuildLiteBehavior [ RunTime:0.000000s ]
INFO: [ app_init ] --END-- [ RunTime:0.001000s ]
ERR: 无法加载模块:万州区

[ 2017-03-16T20:09:57+08:00 ] ::1 /screen/index.php/Home/Register/region.php?s=%E4%B8%B0%E9%83%BD%E5%8E%BF
INFO: [ app_init ] --START--
INFO: Run Behavior\BuildLiteBehavior [ RunTime:0.000000s ]
INFO: [ app_init ] --END-- [ RunTime:0.001000s ]
ERR: 无法加载模块:丰都县

[ 2017-03-16T20:51:54+08:00 ] ::1 /screen/Public/Home/js/cq/.js
INFO: [ app_init ] --START--
INFO: Run Behavior\BuildLiteBehavior [ RunTime:0.000000s ]
INFO: [ app_init ] --END-- [ RunTime:0.001000s ]
ERR: 无法加载模块:Public

[ 2017-03-16T20:57:01+08:00 ] ::1 /screen/Public/Home/js/cq/.js
INFO: [ app_init ] --START--
INFO: Run Behavior\BuildLiteBehavior [ RunTime:0.000000s ]
INFO: [ app_init ] --END-- [ RunTime:0.001000s ]
ERR: 无法加载模块:Public

